{"numTotalTestSuites":6,"numPassedTestSuites":6,"numFailedTestSuites":0,"numPendingTestSuites":0,"numTotalTests":10,"numPassedTests":10,"numFailedTests":0,"numPendingTests":0,"numTodoTests":0,"snapshot":{"added":0,"failure":false,"filesAdded":0,"filesRemoved":0,"filesRemovedList":[],"filesUnmatched":0,"filesUpdated":0,"matched":0,"total":0,"unchecked":0,"uncheckedKeysByFile":[],"unmatched":0,"updated":0,"didUpdate":false},"startTime":1755155327470,"success":true,"testResults":[{"assertionResults":[{"ancestorTitles":["Customer Signup Flow E2E Test"],"fullName":"Customer Signup Flow E2E Test should complete the full 4-step signup flow with instant account creation","status":"passed","title":"should complete the full 4-step signup flow with instant account creation","duration":223.12510000169277,"failureMessages":[],"meta":{}},{"ancestorTitles":["Customer Signup Flow E2E Test"],"fullName":"Customer Signup Flow E2E Test should validate required fields at each step","status":"passed","title":"should validate required fields at each step","duration":16.712499991059303,"failureMessages":[],"meta":{}},{"ancestorTitles":["Customer Signup Flow E2E Test"],"fullName":"Customer Signup Flow E2E Test should show simplified signup mode when payment is disabled","status":"passed","title":"should show simplified signup mode when payment is disabled","duration":126.5646999925375,"failureMessages":[],"meta":{}}],"startTime":1755155328997,"endTime":1755155329363.5647,"status":"passed","message":"","name":"C:/Users/Administrator/Documents/Xact-Feedback/src/tests/customer-signup-e2e.test.tsx"},{"assertionResults":[{"ancestorTitles":["Simplified Customer Signup Flow - Working Tests"],"fullName":"Simplified Customer Signup Flow - Working Tests should render the customer signup page","status":"passed","title":"should render the customer signup page","duration":52.028400003910065,"failureMessages":[],"meta":{}},{"ancestorTitles":["Simplified Customer Signup Flow - Working Tests"],"fullName":"Simplified Customer Signup Flow - Working Tests should allow filling out step 1 form fields","status":"passed","title":"should allow filling out step 1 form fields","duration":18.414100006222725,"failureMessages":[],"meta":{}},{"ancestorTitles":["Simplified Customer Signup Flow - Working Tests"],"fullName":"Simplified Customer Signup Flow - Working Tests should show simplified signup elements on initial render","status":"passed","title":"should show simplified signup elements on initial render","duration":22.424799993634224,"failureMessages":[],"meta":{}},{"ancestorTitles":["Simplified Customer Signup Flow - Working Tests"],"fullName":"Simplified Customer Signup Flow - Working Tests should show continue button on step 1","status":"passed","title":"should show continue button on step 1","duration":12.10130000114441,"failureMessages":[],"meta":{}}],"startTime":1755155328996,"endTime":1755155329101.1013,"status":"passed","message":"","name":"C:/Users/Administrator/Documents/Xact-Feedback/src/tests/simplified-signup-working.test.tsx"},{"assertionResults":[{"ancestorTitles":["Simplified Customer Signup Flow"],"fullName":"Simplified Customer Signup Flow should show simplified signup flow without payment","status":"passed","title":"should show simplified signup flow without payment","duration":50.258799999952316,"failureMessages":[],"meta":{}},{"ancestorTitles":["Simplified Customer Signup Flow"],"fullName":"Simplified Customer Signup Flow should complete signup without payment processing","status":"passed","title":"should complete signup without payment processing","duration":147.7335999906063,"failureMessages":[],"meta":{}},{"ancestorTitles":["Simplified Customer Signup Flow"],"fullName":"Simplified Customer Signup Flow should show free trial messaging on step 4","status":"passed","title":"should show free trial messaging on step 4","duration":97.70589999854565,"failureMessages":[],"meta":{}}],"startTime":1755155328997,"endTime":1755155329292.7058,"status":"passed","message":"","name":"C:/Users/Administrator/Documents/Xact-Feedback/src/tests/simplified-signup.test.tsx"}]}